<?xml version="1.0" encoding="UTF-8"?>
<testsuite xmlns:xsi="http://www.w3.org/2001/XMLSchema-instance" xsi:noNamespaceSchemaLocation="https://maven.apache.org/surefire/maven-surefire-plugin/xsd/surefire-test-report-3.0.xsd" version="3.0" name="ntic.tlsi.moviesapibackend.MoviesApiBackendApplicationTests" time="6.743" tests="1" errors="0" skipped="0" failures="0">
  <properties>
[...]
</properties>
  <testcase name="contextLoads" classname="ntic.tlsi.moviesapibackend.MoviesApiBackendApplicationTests" time="1.442">
    <system-out><![CDATA[16:04:57.495 [main] INFO org.springframework.test.context.support.AnnotationConfigContextLoaderUtils -- Could not detect default configuration classes for test class [ntic.tlsi.moviesapibackend.MoviesApiBackendApplicationTests]: MoviesApiBackendApplicationTests does not declare any static, non-private, non-final, nested classes annotated with @Configuration.
16:04:57.682 [main] INFO org.springframework.boot.test.context.SpringBootTestContextBootstrapper -- Found @SpringBootConfiguration ntic.tlsi.moviesapibackend.MoviesApiBackendApplication for test class ntic.tlsi.moviesapibackend.MoviesApiBackendApplicationTests

  .   ____          _            __ _ _
 /\\ / ___'_ __ _ _(_)_ __  __ _ \ \ \ \
( ( )\___ | '_ | '_| | '_ \/ _` | \ \ \ \
 \\/  ___)| |_)| | | | | || (_| |  ) ) ) )
  '  |____| .__|_| |_|_| |_\__, | / / / /
 =========|_|==============|___/=/_/_/_/
 :: Spring Boot ::                (v3.1.3)

2023-10-01T16:04:58.440+02:00  INFO 1136 --- [           main] n.t.m.MoviesApiBackendApplicationTests   : Starting MoviesApiBackendApplicationTests using Java 20.0.2 with PID 1136 (started by Mossab in C:\Users\Mossab\Documents\git\Movies-API-Backend-Spring)
2023-10-01T16:04:58.442+02:00  INFO 1136 --- [           main] n.t.m.MoviesApiBackendApplicationTests   : No active profile set, falling back to 1 default profile: "default"
2023-10-01T16:04:59.497+02:00  INFO 1136 --- [           main] .s.d.r.c.RepositoryConfigurationDelegate : Bootstrapping Spring Data MongoDB repositories in DEFAULT mode.
2023-10-01T16:04:59.607+02:00  INFO 1136 --- [           main] .s.d.r.c.RepositoryConfigurationDelegate : Finished Spring Data repository scanning in 103 ms. Found 2 MongoDB repository interfaces.
2023-10-01T16:05:00.443+02:00  INFO 1136 --- [uqv.mongodb.net] org.mongodb.driver.cluster               : Adding discovered server ac-tc5d4fq-shard-00-01.x9c0uqv.mongodb.net:27017 to client view of cluster
2023-10-01T16:05:00.444+02:00  INFO 1136 --- [           main] org.mongodb.driver.client                : MongoClient with metadata {"driver": {"name": "mongo-java-driver|sync|spring-boot", "version": "4.9.1"}, "os": {"type": "Windows", "name": "Windows 10", "architecture": "amd64", "version": "10.0"}, "platform": "Java/Oracle Corporation/20.0.2+9-78"} created with settings MongoClientSettings{readPreference=primary, writeConcern=WriteConcern{w=null, wTimeout=null ms, journal=null}, retryWrites=true, retryReads=true, readConcern=ReadConcern{level=null}, credential=MongoCredential{mechanism=null, userName='mossabdehane19', source='admin', password=<hidden>, mechanismProperties=<hidden>}, streamFactoryFactory=null, commandListeners=[], codecRegistry=ProvidersCodecRegistry{codecProviders=[ValueCodecProvider{}, BsonValueCodecProvider{}, DBRefCodecProvider{}, DBObjectCodecProvider{}, DocumentCodecProvider{}, CollectionCodecProvider{}, IterableCodecProvider{}, MapCodecProvider{}, GeoJsonCodecProvider{}, GridFSFileCodecProvider{}, Jsr310CodecProvider{}, JsonObjectCodecProvider{}, BsonCodecProvider{}, EnumCodecProvider{}, com.mongodb.client.model.mql.ExpressionCodecProvider@6d091cad, com.mongodb.Jep395RecordCodecProvider@7c663eaf]}, loggerSettings=LoggerSettings{maxDocumentLength=1000}, clusterSettings={hosts=[127.0.0.1:27017], srvHost=cluster0.x9c0uqv.mongodb.net, srvServiceName=mongodb, mode=MULTIPLE, requiredClusterType=REPLICA_SET, requiredReplicaSetName='atlas-blcd2e-shard-0', serverSelector='null', clusterListeners='[]', serverSelectionTimeout='30000 ms', localThreshold='30000 ms'}, socketSettings=SocketSettings{connectTimeoutMS=10000, readTimeoutMS=0, receiveBufferSize=0, sendBufferSize=0}, heartbeatSocketSettings=SocketSettings{connectTimeoutMS=10000, readTimeoutMS=10000, receiveBufferSize=0, sendBufferSize=0}, connectionPoolSettings=ConnectionPoolSettings{maxSize=100, minSize=0, maxWaitTimeMS=120000, maxConnectionLifeTimeMS=0, maxConnectionIdleTimeMS=0, maintenanceInitialDelayMS=0, maintenanceFrequencyMS=60000, connectionPoolListeners=[], maxConnecting=2}, serverSettings=ServerSettings{heartbeatFrequencyMS=10000, minHeartbeatFrequencyMS=500, serverListeners='[]', serverMonitorListeners='[]'}, sslSettings=SslSettings{enabled=true, invalidHostNameAllowed=false, context=null}, applicationName='null', compressorList=[], uuidRepresentation=JAVA_LEGACY, serverApi=null, autoEncryptionSettings=null, contextProvider=null}
2023-10-01T16:05:00.503+02:00  INFO 1136 --- [uqv.mongodb.net] org.mongodb.driver.cluster               : Adding discovered server ac-tc5d4fq-shard-00-02.x9c0uqv.mongodb.net:27017 to client view of cluster
2023-10-01T16:05:00.505+02:00  INFO 1136 --- [uqv.mongodb.net] org.mongodb.driver.cluster               : Adding discovered server ac-tc5d4fq-shard-00-00.x9c0uqv.mongodb.net:27017 to client view of cluster
2023-10-01T16:05:01.483+02:00  INFO 1136 --- [ngodb.net:27017] org.mongodb.driver.cluster               : Monitor thread successfully connected to server with description ServerDescription{address=ac-tc5d4fq-shard-00-02.x9c0uqv.mongodb.net:27017, type=REPLICA_SET_PRIMARY, state=CONNECTED, ok=true, minWireVersion=0, maxWireVersion=17, maxDocumentSize=16777216, logicalSessionTimeoutMinutes=30, roundTripTimeNanos=610404300, setName='atlas-blcd2e-shard-0', canonicalAddress=ac-tc5d4fq-shard-00-02.x9c0uqv.mongodb.net:27017, hosts=[ac-tc5d4fq-shard-00-00.x9c0uqv.mongodb.net:27017, ac-tc5d4fq-shard-00-01.x9c0uqv.mongodb.net:27017, ac-tc5d4fq-shard-00-02.x9c0uqv.mongodb.net:27017], passives=[], arbiters=[], primary='ac-tc5d4fq-shard-00-02.x9c0uqv.mongodb.net:27017', tagSet=TagSet{[Tag{name='nodeType', value='ELECTABLE'}, Tag{name='provider', value='AWS'}, Tag{name='region', value='EU_WEST_3'}, Tag{name='workloadType', value='OPERATIONAL'}]}, electionId=7fffffff000000000000008e, setVersion=1, topologyVersion=TopologyVersion{processId=650c35e1c445ab518e605229, counter=6}, lastWriteDate=Sun Oct 01 16:05:01 CEST 2023, lastUpdateTimeNanos=213929488127400}
2023-10-01T16:05:01.483+02:00  INFO 1136 --- [ngodb.net:27017] org.mongodb.driver.cluster               : Monitor thread successfully connected to server with description ServerDescription{address=ac-tc5d4fq-shard-00-01.x9c0uqv.mongodb.net:27017, type=REPLICA_SET_SECONDARY, state=CONNECTED, ok=true, minWireVersion=0, maxWireVersion=17, maxDocumentSize=16777216, logicalSessionTimeoutMinutes=30, roundTripTimeNanos=608616400, setName='atlas-blcd2e-shard-0', canonicalAddress=ac-tc5d4fq-shard-00-01.x9c0uqv.mongodb.net:27017, hosts=[ac-tc5d4fq-shard-00-00.x9c0uqv.mongodb.net:27017, ac-tc5d4fq-shard-00-01.x9c0uqv.mongodb.net:27017, ac-tc5d4fq-shard-00-02.x9c0uqv.mongodb.net:27017], passives=[], arbiters=[], primary='ac-tc5d4fq-shard-00-02.x9c0uqv.mongodb.net:27017', tagSet=TagSet{[Tag{name='nodeType', value='ELECTABLE'}, Tag{name='provider', value='AWS'}, Tag{name='region', value='EU_WEST_3'}, Tag{name='workloadType', value='OPERATIONAL'}]}, electionId=null, setVersion=1, topologyVersion=TopologyVersion{processId=650c36e8fa32fdfef40e12df, counter=3}, lastWriteDate=Sun Oct 01 16:05:01 CEST 2023, lastUpdateTimeNanos=213929488316200}
2023-10-01T16:05:01.483+02:00  INFO 1136 --- [ngodb.net:27017] org.mongodb.driver.cluster               : Monitor thread successfully connected to server with description ServerDescription{address=ac-tc5d4fq-shard-00-00.x9c0uqv.mongodb.net:27017, type=REPLICA_SET_SECONDARY, state=CONNECTED, ok=true, minWireVersion=0, maxWireVersion=17, maxDocumentSize=16777216, logicalSessionTimeoutMinutes=30, roundTripTimeNanos=603073200, setName='atlas-blcd2e-shard-0', canonicalAddress=ac-tc5d4fq-shard-00-00.x9c0uqv.mongodb.net:27017, hosts=[ac-tc5d4fq-shard-00-00.x9c0uqv.mongodb.net:27017, ac-tc5d4fq-shard-00-01.x9c0uqv.mongodb.net:27017, ac-tc5d4fq-shard-00-02.x9c0uqv.mongodb.net:27017], passives=[], arbiters=[], primary='ac-tc5d4fq-shard-00-02.x9c0uqv.mongodb.net:27017', tagSet=TagSet{[Tag{name='nodeType', value='ELECTABLE'}, Tag{name='provider', value='AWS'}, Tag{name='region', value='EU_WEST_3'}, Tag{name='workloadType', value='OPERATIONAL'}]}, electionId=null, setVersion=1, topologyVersion=TopologyVersion{processId=650c34c53c87fbb06967cc65, counter=4}, lastWriteDate=Sun Oct 01 16:05:01 CEST 2023, lastUpdateTimeNanos=213929488230300}
2023-10-01T16:05:01.490+02:00  INFO 1136 --- [ngodb.net:27017] org.mongodb.driver.cluster               : Discovered replica set primary ac-tc5d4fq-shard-00-02.x9c0uqv.mongodb.net:27017 with max election id 7fffffff000000000000008e and max set version 1
2023-10-01T16:05:02.438+02:00  INFO 1136 --- [           main] n.t.m.MoviesApiBackendApplicationTests   : Started MoviesApiBackendApplicationTests in 4.49 seconds (process running for 6.521)
]]></system-out>
  </testcase>
</testsuite>